  G134N 1.07  49E23.59 1814
  G1*     0     1.00
  G234N32.87  50E 1.53 2212
  G2*     0     1.00
  G334N 0.52  50E22.82 1885
  G3*     0     1.00
  J135N54.50  51E 7.49 2035
  J1*     0     1.00
  J236N 7.26  51E22.03 2425
  J2*     0     1.00
  J336N38.26  51E23.54  219
  J3*     0     1.00
  K135N24.30  51E18.68 1106
  K1*     0     1.00
  K235N57.80  51E32.48 2203
  K2*     0     1.00
  L135N37.83  51E58.27 1680
  L1*     0     1.00
  L236N 6.16  52E10.24 1658
  L2*     0     1.00
  N136N26.71  51E54.59  669
  N1*     0     1.00
  N336N24.53  51E33.92 1361
  N3*     0     1.00
  N436N22.69  51E15.17 1242
  N4*     0     1.00
  N536N15.19  51E18.10 2036
  N5*     0     1.00
  N636N13.92  51E33.70 2382
  N6*     0     1.00
  N736N12.62  51E49.74 2026
  N7*     0     1.00
  N836N 0.07  51E18.52 2007
  N8*     0     1.00
  N935N57.94  51E 6.91 1826
  N9*     0     1.00
  T136N19.56  52E 7.49  996
  T1*     0     1.00
  T236N25.03  52E15.05  154
  T2*     0     1.00
  T336N19.57  52E21.35  372
  T3*     0     1.00
  T436N14.47  52E20.82 1013
  T4*     0     1.00
  T536N11.61  52E 1.04 1907
  T5*     0     1.00
  T635N58.58  52E17.56 1761
  T6*     0     1.00
  T735N52.98  52E 9.89 2118
  T7*     0     1.00
  T835N39.79  52E13.61 2340
  T8*     0     1.00
  T935N26.96  52E10.25 1447
  T9*     0     1.00
  Y134N22.49  50E22.84 1827
  Y1*     0     1.00
  Y234N23.75  49E56.72 1848
  Y2*     0     1.00
  Y334N 3.07  49E30.25 1960
  Y3*     0     1.00
  Y434N 7.99  49E58.87 1745
  Y4*     0     1.00
  Y534N 4.67  49E39.77 1984
  Y5*     0     1.00
  y534N 3.16  49E42.13 1882
  y5*     0     1.00
  Z134N39.49  50E28.54 1380
  Z1*     0     1.00
  Z234N22.34  50E34.09 1277
  Z2*     0     1.00
  Z334N27.90  50E41.70 1223
  Z3*     0     1.00
  Z434N30.30  50E19.21 1795
  Z4*     0     1.00
  Z534N45.13  50E49.46  908
  Z5*     0     1.00
  Z634N56.23  50E52.56  862
  Z6*     0     1.00
  Z735N 5.69  50E59.09 1022
  Z7*     0     1.00
  Z835N14.26  50E54.02 1411
  Z8*     0     1.00
  Z935N15.10  51E19.75  930
  Z9*     0     1.00
 00235N31.04  51E18.74 1010
 002*     0     1.00
 00435N38.69  51E 7.71 1125
 004*     0     1.00
 00535N45.09  51E 8.63 1285
 005*     0     1.00
 00635N49.39  51E15.87 1692
 006*     0     1.00
 00735N48.53  51E23.55 1820
 007*     0     1.00
 00835N49.52  51E27.84 1851
 008*     0     1.00
 00935N48.52  51E33.21 1960
 009*     0     1.00
 01035N45.93  51E35.80 1676
 010*     0     1.00
 01135N31.42  51E38.60 1039
 011*     0     1.00
 01235N27.59  51E31.17  967
 012*     0     1.00
 01435N41.69  51E35.78 1666
 014*     0     1.00
 01535N34.89  51E41.73 1398
 015*     0     1.00
 01835N43.43  51E12.90 1312
 018*     0     1.00
 01935N34.95  51E47.07 1307
 019*     0     1.00
 02035N47.27  51E40.81 1572
 020*     0     1.00
 02135N43.06  51E31.41 1344
 021*     0     1.00
 10535N48.69  51E10.51 1864
 105*     0     1.00
 10635N49.39  51E15.87 1692
 106*     0     1.00
 10935N49.15  51E31.62 2110
 109*     0     1.00
 AFJ35N51.30  51E42.72 2750
 AFJ*     0     1.00
 AKL36N35.70  58E45.24 2510
 AKL*     0     1.00
 ALA36N 4.98  52E48.60 2600
 ALA*     0     1.00
 ANJ35N28.08  53E54.90 1845
 ANJ*     0     1.00
 AZR37N40.68  45E59.04 2273
 AZR*     0     1.00
 BAF31N35.40  55E34.02 1415
 BAF*     0     1.00
 BAS35N55.32  51E44.00 2690
 BAS*     0     1.00
 bas35N55.32  51E44.00 2690
 bas*     0     1.00
 BNB27N26.94  56E32.40   62
 BNB*     0     1.00
 BND27N26.94  56E32.40   62
 BND*     0     1.00
 BON35N17.45  52E25.03 1005
 BON*     0     1.00
 bon35N17.45  52E25.03 1005
 bon*     0     1.00
 BRJ31N54.48  51E15.78 2300
 BRJ*     0     1.00
 BST37N42.06  46E53.34 2112
 BST*     0     1.00
 BZA34N28.20  47E51.66 2330
 BZA*     0     1.00
 CHK32N14.64  54E24.48 1537
 CHK*     0     1.00
 CHR35N41.98  52E 6.50 2200
 CHR*     0     1.00
 chr35N41.98  52E 6.50 2200
 chr*     0     1.00
 DAH32N44.34  59E52.08 2341
 DAH*     0     1.00
 DAR35N38.00  52E45.57 2150
 DAR*     0     1.00
 dar35N38.00  52E45.57 2150
 dar*     0     1.00
 DAV35N12.72  52E30.08  865
 DAV*     0     1.00
 dav35N12.72  52E30.08  865
 dav*     0     1.00
 DER35N14.37  52E 9.77  995
 DER*     0     1.00
 der35N14.37  52E 9.77  995
 der*     0     1.00
 DHR34N42.00  46E23.22 1840
 DHR*     0     1.00
 DMV35N34.62  52E 1.92 2546
 DMV*     0     1.00
 DOB33N47.22  48E10.62 1948
 DOB*     0     1.00
 EMG37N24.54  58E39.06 2547
 EMG*     0     1.00
 FIR35N38.52  52E45.24 2380
 FIR*     0     1.00
 FTB38N 1.02  46E23.64 1665
 FTB*     0     1.00
 GAR32N24.36  52E 2.82 2020
 GAR*     0     1.00
 GHB29N22.74  52E32.22 2812
 GHB*     0     1.00
 GHG34N19.74  46E34.08 2060
 GHG*     0     1.00
 GHO35N52.83  51E52.15 2580
 GHO*     0     1.00
 gho35N52.83  51E52.15 2580
 gho*     0     1.00
 GLO36N30.12  53E49.86 1950
 GLO*     0     1.00
 GRM35N59.08  51E38.72 2510
 GRM*     0     1.00
 grm35N59.08  51E38.72 2510
 grm*     0     1.00
 GZV36N23.16  50E13.08 2458
 GZV*     0     1.00
 ham35N30.61  51E47.15 1195
 ham*     0     1.00
 hos35N22.10  52E 0.53 1080
 hos*     0     1.00
 HRS38N19.08  47E 2.52 2137
 HRS*     0     1.00
 HSB35N26.28  51E16.56 1138
 HSB*     0     1.00
 HSH37N18.30  47E15.84 2146
 HSH*     0     1.00
 IL335N28.56  51E 1.44 1109
 IL3*     0     1.00
 IL535N12.78  50E34.86 1353
 IL5*     0     1.00
 IR135N24.96  50E41.34 1343
 IR1*     0     1.00
 KAB35N25.58  52E25.78 1270
 KAB*     0     1.00
 kab35N25.58  52E25.78 1270
 kab*     0     1.00
 KAT35N51.15  52E50.38 2245
 KAT*     0     1.00
 kat35N51.15  52E50.38 2245
 kat*     0     1.00
 KAZ29N46.92  51E50.40 2809
 KAZ*     0     1.00
 KER34N23.22  47E 7.98 1338
 KER*     0     1.00
 KFM33N31.44  47E50.82 1676
 KFM*     0     1.00
 KIA36N12.42  53E41.04 2161
 KIA*     0     1.00
 KLH33N19.14  51E34.68 2280
 KLH*     0     1.00
 KMR33N31.08  48E22.80 1733
 KMR*     0     1.00
 KOM34N10.56  47E30.84 1716
 KOM*     0     1.00
 KOO32N25.44  59E 0.24 1940
 KOO*     0     1.00
 KOR35N23.48  52E 8.47 1250
 KOR*     0     1.00
 kor35N23.48  52E 8.47 1250
 kor*     0     1.00
 KRD36N46.56  59E30.90 2245
 KRD*     0     1.00
 LAJ35N11.17  52E19.52  815
 LAJ*     0     1.00
 laj35N11.17  52E19.52  815
 laj*     0     1.00
 LAS35N22.86  52E57.54 1452
 LAS*     0     1.00
 LIN34N55.14  46E57.78 2140
 LIN*     0     1.00
 MEH31N23.40  54E36.78 1989
 MEH*     0     1.00
 MHD35N41.10  50E40.02 1658
 MHD*     0     1.00
 MHI36N18.48  59E28.32 1150
 MHI*     0     1.00
 MMN35N12.83  50E34.84 1345
 MMN*     0     1.00
 MND37N14.22  55E23.34  200
 MND*     0     1.00
 MOG36N 6.48  59E20.34 2577
 MOG*     0     1.00
 MOK29N 2.70  52E42.84 2785
 MOK*     0     1.00
 MON33N11.52  59E40.02 2368
 MON*     0     1.00
 MRD38N42.78  45E42.12 2142
 MRD*     0     1.00
 MYA36N20.64  60E 6.12 1684
 MYA*     0     1.00
 N1035N35.36  50E37.84 1262
 N10*     0     1.00
 N1135N40.07  50E53.09 1189
 N11*     0     1.00
 nad35N17.95  51E59.28  960
 nad*     0     1.00
 NAM35N11.87  52E 6.28  990
 NAM*     0     1.00
 nam35N11.87  52E 6.28  990
 nam*     0     1.00
 PAR29N50.40  53E 2.04 2580
 PAR*     0     1.00
 PAY36N27.24  58E59.40 2100
 PAY*     0     1.00
 PIR32N41.04  50E53.52 2600
 PIR*     0     1.00
 PRN36N14.52  52E20.28 1333
 PRN*     0     1.00
 QAM33N45.66  51E26.40 1865
 QAM*     0     1.00
 QHU37N 4.26  58E32.22 1335
 QHU*     0     1.00
 QOM34N50.52  51E 3.78 1000
 QOM*     0     1.00
 RAH35N15.90  52E17.45  895
 RAH*     0     1.00
 RAM31N48.54  52E22.92 2000
 RAM*     0     1.00
 RAZ35N24.30  49E55.74 1950
 RAZ*     0     1.00
 ROT35N57.87  51E32.52 2240
 ROT*     0     1.00
 rot35N57.87  51E32.52 2240
 rot*     0     1.00
 RUD35N43.78  51E54.72 1900
 RUD*     0     1.00
 rud35N43.78  51E54.72 1900
 rud*     0     1.00
 SAD31N54.78  53E41.10 2464
 SAD*     0     1.00
 SFB34N21.12  52E14.46  995
 SFB*     0     1.00
 SFR37N 3.12  58E 0.00 2435
 SFR*     0     1.00
 SHB38N16.98  45E37.14 2290
 SHB*     0     1.00
 SHI29N38.22  52E31.20 1600
 SHI*     0     1.00
 SHM35N48.36  53E17.04 2633
 SHM*     0     1.00
 SHR35N48.36  51E17.34 1000
 SHR*     0     1.00
 SHV37N31.98  57E41.82 1916
 SHV*     0     1.00
 SIA35N46.42  52E49.82 2040
 SIA*     0     1.00
 sia35N46.42  52E49.82 2040
 sia*     0     1.00
 SRB37N49.50  47E39.78 1958
 SRB*     0     1.00
 SRO36N18.48  59E28.32 1050
 SRO*     0     1.00
 SRV29N22.86  53E 6.24 2688
 SRV*     0     1.00
 TBB34N59.70  51E43.62 1139
 TBB*     0     1.00
 TBZ38N14.10  46E 9.00 1550
 TBZ*     0     1.00
 TEG32N53.82  58E44.94 1745
 TEG*     0     1.00
 TEH35N45.12  51E23.34 1458
 TEH*     0     1.00
 VAR35N28.27  52E11.83 1495
 VAR*     0     1.00
 var35N28.27  52E11.83 1495
 var*     0     1.00
 VIS34N31.68  46E51.06 1833
 VIS*     0     1.00
 VRN34N59.70  51E43.62 1139
 VRN*     0     1.00
 ZEF32N53.76  52E19.74 2320
 ZEF*     0     1.00
ABH130N36.00  50E15.18  346
ABH1*     0     1.00
ABSD35N28.15  52E21.09 2040
ABSD*     0     1.00
AFRZ33N25.50  59E 0.90 1497
AFRZ*     0     1.00
AHRM28N51.84  51E17.70   80
AHRM*     0     1.00
AHWZ31N19.80  48E38.64   19
AHWZ*     0     1.00
AMAM35N53.92  51E34.78 2220
AMAM*     0     1.00
AMIS31N39.90  49E17.22  442
AMIS*     0     1.00
ANAR33N11.40  53E43.74 1323
ANAR*     0     1.00
ANDR35N47.09  52E27.31 2190
ANDR*     0     1.00
ANZH35N35.68  52E37.83 1640
ANZH*     0     1.00
ARAB35N46.72  52E 8.64 2495
ARAB*     0     1.00
ARDI35N48.24  51E53.29 2280
ARDI*     0     1.00
ASAO34N34.08  50E 1.50 2217
ASAO*     0     1.00
ASBD35N43.12  52E 1.14 2230
ASBD*     0     1.00
BADR35N50.05  52E41.92 2165
BADR*     0     1.00
BAGH32N46.92  59E12.30 2581
BAGH*     0     1.00
BALD36N11.92  51E48.26 2085
BALD*     0     1.00
BAND35N33.46  52E 5.67 2530
BAND*     0     1.00
BARG35N49.98  51E43.47 1950
BARG*     0     1.00
BDRS33N57.24  48E52.86 2494
BDRS*     0     1.00
BEHV35N29.35  51E57.95 1460
BEHV*     0     1.00
BJRD37N42.00  57E24.48 1337
BJRD*     0     1.00
BMDN33N40.32  48E49.50 1698
BMDN*     0     1.00
BNDS27N23.94  56E10.26 1500
BNDS*     0     1.00
BSRN31N57.90  59E 7.56 1416
BSRN*     0     1.00
CHBR25N35.70  60E28.92  125
CHBR*     0     1.00
CHMN29N51.66  57E32.40 2564
CHMN*     0     1.00
CHTH35N54.48  51E 7.56 2250
CHTH*     0     1.00
CSN137N33.84  49E 5.70   18
CSN1*     0     1.00
DAMV35N37.80  51E58.26 2300
DAMV*     0     1.00
DHL132N40.86  47E16.86  204
DHL1*     0     1.00
DLSM36N26.91  51E32.24 1479
DLSM*     0     1.00
DSBU28N21.78  51E15.60  656
DSBU*     0     1.00
FULK36N11.71  51E39.52 2257
FULK*     0     1.00
GENO27N24.00  56E10.32 1616
GENO*     0     1.00
GHIR28N17.16  52E59.22 1200
GHIR*     0     1.00
GHOL35N33.84  52E22.35 1970
GHOL*     0     1.00
GHVR34N28.80  51E14.70  927
GHVR*     0     1.00
GIDE36N54.60  49E54.00 1838
GIDE*     0     1.00
GRMI38N48.60  47E53.64 1300
GRMI*     0     1.00
HAGD34N49.32  49E 8.34 1831
HAGD*     0     1.00
HALM34N51.60  48E10.08 2450
HALM*     0     1.00
HARA35N42.35  52E40.74 1830
HARA*     0     1.00
HARE35N54.48  52E18.52 2020
HARE*     0     1.00
HAVI35N42.89  52E19.14 2520
HAVI*     0     1.00
HKZM35N22.68  48E54.30 2328
HKZM*     0     1.00
HSAM34N12.72  48E36.12 2314
HSAM*     0     1.00
HSRG35N14.52  48E16.74 2545
HSRG*     0     1.00
ILBA33N33.60  46E12.60  799
ILBA*     0     1.00
JHBN32N13.86  50E39.96 2657
JHBN*     0     1.00
JHRM28N30.30  53E34.62  998
JHRM*     0     1.00
JIR136N42.48  49E48.12 1567
JIR1*     0     1.00
JOUZ35N45.95  51E47.99 1995
JOUZ*     0     1.00
JRKH35N54.48  60E20.94 1206
JRKH*     0     1.00
JSK125N38.28  57E46.20   15
JSK1*     0     1.00
KALJ36N21.22  51E52.04 1533
KALJ*     0     1.00
KAZ129N37.50  51E38.40  850
KAZ1*     0     1.00
KBAM29N 8.16  58E27.12  975
KBAM*     0     1.00
KCHF34N16.50  47E 2.40 1715
KCHF*     0     1.00
KDIR36N18.88  51E14.79 1000
KDIR*     0     1.00
KHGB30N22.56  56E28.62 1800
KHGB*     0     1.00
KHMZ33N44.34  49E57.54 1985
KHMZ*     0     1.00
KHNJ27N56.88  57E42.36  492
KHNJ*     0     1.00
KHOJ35N39.76  51E43.68 1400
KHOJ*     0     1.00
KHOS35N39.66  52E13.63 2290
KHOS*     0     1.00
KHSK26N45.42  57E 3.18   40
KHSK*     0     1.00
KLAK35N37.02  52E25.86 1870
KLAK*     0     1.00
KLNJ31N 0.48  51E35.52 2660
KLNJ*     0     1.00
KLST36N31.14  51E 3.54 2692
KLST*     0     1.00
KOHA35N41.38  52E29.40 2180
KOHA*     0     1.00
KRBR29N58.92  56E45.66 2576
KRBR*     0     1.00
KRSH33N58.14  52E 8.10 1630
KRSH*     0     1.00
LAR127N40.14  54E22.50  785
LAR1*     0     1.00
LARE35N53.09  52E 1.13 2575
LARE*     0     1.00
LASM35N48.64  52E12.34 2645
LASM*     0     1.00
LATI35N46.99  51E40.70 1620
LATI*     0     1.00
LAZO35N52.20  52E33.99 2370
LAZO*     0     1.00
LHJ137N 9.36  50E 6.06  669
LHJ1*     0     1.00
LHJ237N 9.98  50E 3.70   79
LHJ2*     0     1.00
LMD127N20.40  53E 9.90  425
LMD1*     0     1.00
MAHB36N46.02  45E42.30 1370
MAHB*     0     1.00
MAKU39N21.30  44E40.98 1730
MAKU*     0     1.00
MAML35N35.22  51E46.98 1335
MAML*     0     1.00
MNB127N 6.36  57E 6.00   29
MNB1*     0     1.00
MOSH35N48.60  51E59.05 2620
MOSH*     0     1.00
MRVT37N39.54  56E 5.34  870
MRVT*     0     1.00
MZPU36N26.40  51E34.14 2023
MZPU*     0     1.00
NANR36N13.95  51E29.25 1406
NANR*     0     1.00
NASN32N47.94  52E48.48 2800
NASN*     0     1.00
NGCH25N21.54  61E 8.16   46
NGCH*     0     1.00
NGRK29N38.64  56E43.80 2850
NGRK*     0     1.00
NHDN31N23.58  60E 3.00 1307
NHDN*     0     1.00
NIAN27N33.60  56E50.10  248
NIAN*     0     1.00
OCHO35N34.03  52E14.07 1780
OCHO*     0     1.00
OOZ136N12.00  51E39.60 1000
OOZ1*     0     1.00
OOZE36N30.80  51E15.40 1000
OOZE*     0     1.00
PYMD36N26.92  51E53.45  806
PYMD*     0     1.00
QABG35N42.48  49E34.92 2085
QABG*     0     1.00
QALM36N25.92  50E38.76 2212
QALM*     0     1.00
QAMS33N44.16  51E23.76 2245
QAMS*     0     1.00
QBNZ35N38.22  50E11.70 2093
QBNZ*     0     1.00
QCNT36N17.40  50E 0.54 1319
QCNT*     0     1.00
QIR128N28.56  53E 2.64  740
QIR1*     0     1.00
QOM134N50.54  51E 4.22 1250
QOM1*     0     1.00
QSDN36N30.24  49E10.44 2148
QSDN*     0     1.00
RAIN35N53.87  52E10.26 2480
RAIN*     0     1.00
ROKH32N23.94  51E 4.32 2022
ROKH*     0     1.00
RST137N13.92  49E37.80   12
RST1*     0     1.00
SADA35N34.11  52E13.98 1850
SADA*     0     1.00
SALM35N44.18  52E34.15 2190
SALM*     0     1.00
SAMA36N22.92  51E23.40 1129
SAMA*     0     1.00
SBZV36N23.28  57E36.66 2034
SBZV*     0     1.00
SHGR32N 6.48  48E48.06  150
SHGR*     0     1.00
SHK132N19.68  50E53.10 2093
SHK1*     0     1.00
SHRD36N 0.54  56E 0.78 1264
SHRD*     0     1.00
SHRT33N38.76  60E17.46  837
SHRT*     0     1.00
SIMI35N31.64  52E29.82 1520
SIMI*     0     1.00
SNGE35N 5.58  47E20.82 1940
SNGE*     0     1.00
SRVN27N24.18  62E23.88 1352
SRVN*     0     1.00
SZD129N29.16  60E51.96 1364
SZD1*     0     1.00
TABS33N38.94  57E 7.14 1106
TABS*     0     1.00
TABZ38N 3.42  46E19.62 1487
TABZ*     0     1.00
TAFT31N43.38  54E10.26 2036
TAFT*     0     1.00
TAHR38N29.40  47E 3.06 1413
TAHR*     0     1.00
TANG35N29.45  52E 2.99 1600
TANG*     0     1.00
TBHD35N24.78  59E14.16 1760
TBHD*     0     1.00
TBJM35N16.08  60E19.74 1741
TBJM*     0     1.00
TEHA35N44.76  51E23.22 1418
TEHA*     0     1.00
THKV35N54.96  50E52.74 1795
THKV*     0     1.00
TKDS33N36.78  57E 7.32 1206
TKDS*     0     1.00
TNSJ33N57.78  56E36.54 1123
TNSJ*     0     1.00
TPRV33N 1.68  56E41.16 1022
TPRV*     0     1.00
TVBK29N59.16  56E45.66 2530
TVBK*     0     1.00
TVRZ38N30.24  46E40.08 1693
TVRZ*     0     1.00
VAZN35N47.97  52E19.01 2760
VAZN*     0     1.00
YZKH32N27.30  54E40.62 2226
YZKH*     0     1.00
ZARD35N39.76  51E52.02 1475
ZARD*     0     1.00
ZHDN29N23.94  60E48.60 1511
ZHDN*     0     1.00
ZHSF29N36.66  60E46.50 1575
ZHSF*     0     1.00
ZIAR35N50.37  52E 6.23 2480
ZIAR*     0     1.00
ZNGN32N 7.02  50E51.24 2662
ZNGN*     0     1.00
ZNJK36N40.20  48E41.10 2200
ZNJK*     0     1.00
