N1  28N49.32 050E53.94 0006
N1  *     0     1.00
N2  28N50.22 050E53.58 -029
N2  *     0     1.00
N3  28N50.22 050E52.50 -006
N3  *     0     1.00
N4  28N51.48 050E51.24 -003
N4  *     0     1.00
N5  28N50.58 050E53.10 0008
N5  *     0     1.00
N6  28N52.68 050E52.26 0025
N6  *     0     1.00
N7  28N52.92 050E51.06 0033
N7  *     0     1.00
N9  28N53.70 050E52.86 0001
N9  *     0     1.00
P1  28N55.74 050E54.60 -013
P1  *     0     1.00
P2  28N56.10 050E56.70 -010
P2  *     0     1.00
P3  28N56.94 050E58.56 0002
P3  *     0     1.00
P4  28N58.02 051E 2.94 0000
P4  *     0     1.00
P5  28N58.74 051E 5.22 0008
P5  *     0     1.00
P9  29N 0.30 051E12.36 0028
P9  *     0     1.00
N10 28N53.58 050E51.12 0015
N10 *     0     1.00
N11 28N54.18 050E49.62 0009
N11 *     0     1.00
N12 28N54.54 050E51.84 0008
N12 *     0     1.00
N13 28N54.42 050E49.14 0007
N13 *     0     1.00
N14 28N55.14 050E50.16 0018
N14 *     0     1.00
N15 28N55.02 050E51.36 0013
N15 *     0     1.00
N16 28N55.68 050E52.20 -007
N16 *     0     1.00
N17 28N56.46 050E49.26 -010
N17 *     0     1.00
N18 28N55.98 050E49.92 -001
N18 *     0     1.00
N19 28N56.76 050E51.96 0022
N19 *     0     1.00
N20 28N57.96 050E50.16 -004
N20 *     0     1.00
ABAD29N 1.74 051E15.06 0055
ABAD*     0     1.00
ABAS28N31.92 051E17.40 0041
ABAS*     0     1.00
ABTL29N 6.06 051E 7.02 0047
ABTL*     0     1.00
AHRM28N51.84 051E17.70 0080
AHRM*     0     1.00
CAMP28N50.34 050E54.48 -015
CAMP*     0     1.00
DLRM28N39.90 051E 4.62 0011
DLRM*     0     1.00
JNAK28N47.22 051E 4.38 -003
JNAK*     0     1.00
KHIA28N52.38 051E 9.96 0043
KHIA*     0     1.00
KHRK29N15.26 050E18.80 0036
KHRK*     0     1.00
KOLO28N43.02 051E14.46 0032
KOLO*     0     1.00
NOKA29N11.16 051E 2.04 0008
NOKA*     0     1.00
SHIF29N 4.14 050E52.44 -005
SHIF*     0     1.00
TOLS28N58.74 051E 7.02 0019
TOLS*     0     1.00
